# JRE version: Java(TM) SE Runtime Environment (8.0_102-b14) (build 1.8.0_102-b14)
# Java VM: Java HotSpot(TM) 64-Bit Server VM (25.102-b14 mixed mode windows-amd64 compressed oops)
Heap:
 PSYoungGen      total 99328K, used 3102K [0x00000000d5800000, 0x00000000dc100000, 0x0000000100000000)
  eden space 90624K, 3% used [0x00000000d5800000,0x00000000d5b07be8,0x00000000db080000)
  from space 8704K, 0% used [0x00000000db080000,0x00000000db080000,0x00000000db900000)
  to   space 7680K, 0% used [0x00000000db980000,0x00000000db980000,0x00000000dc100000)
 ParOldGen       total 45568K, used 10322K [0x0000000080800000, 0x0000000083480000, 0x00000000d5800000)
  object space 45568K, 22% used [0x0000000080800000,0x0000000081214a20,0x0000000083480000)
 Metaspace       used 31048K, capacity 32190K, committed 32640K, reserved 1085440K
  class space    used 4148K, capacity 4397K, committed 4480K, reserved 1048576K
GC Heap History (10 events):
Event: 7.659 GC heap before
{Heap before GC invocations=36 (full 13):
 PSYoungGen      total 99328K, used 32K [0x00000000d5800000, 0x00000000dc180000, 0x0000000100000000)
  eden space 90624K, 0% used [0x00000000d5800000,0x00000000d5800000,0x00000000db080000)
  from space 8704K, 0% used [0x00000000db080000,0x00000000db088000,0x00000000db900000)
  to   space 7680K, 0% used [0x00000000dba00000,0x00000000dba00000,0x00000000dc180000)
 ParOldGen       total 45568K, used 10325K [0x0000000080800000, 0x0000000083480000, 0x00000000d5800000)
  object space 45568K, 22% used [0x0000000080800000,0x00000000812154a0,0x0000000083480000)
 Metaspace       used 30942K, capacity 31992K, committed 32384K, reserved 1091584K
  class space    used 4125K, capacity 4374K, committed 4480K, reserved 1048576K
Event: 7.687 GC heap after
Heap after GC invocations=36 (full 13):
 PSYoungGen      total 99328K, used 0K [0x00000000d5800000, 0x00000000dc180000, 0x0000000100000000)
  eden space 90624K, 0% used [0x00000000d5800000,0x00000000d5800000,0x00000000db080000)
  from space 8704K, 0% used [0x00000000db080000,0x00000000db080000,0x00000000db900000)
  to   space 7680K, 0% used [0x00000000dba00000,0x00000000dba00000,0x00000000dc180000)
 ParOldGen       total 45568K, used 10325K [0x0000000080800000, 0x0000000083480000, 0x00000000d5800000)
  object space 45568K, 22% used [0x0000000080800000,0x00000000812154a0,0x0000000083480000)
 Metaspace       used 30942K, capacity 31992K, committed 32384K, reserved 1085440K
  class space    used 4125K, capacity 4374K, committed 4480K, reserved 1048576K
}
Event: 7.687 GC heap before
{Heap before GC invocations=37 (full 13):
 PSYoungGen      total 99328K, used 0K [0x00000000d5800000, 0x00000000dc180000, 0x0000000100000000)
  eden space 90624K, 0% used [0x00000000d5800000,0x00000000d5800000,0x00000000db080000)
  from space 8704K, 0% used [0x00000000db080000,0x00000000db080000,0x00000000db900000)
  to   space 7680K, 0% used [0x00000000dba00000,0x00000000dba00000,0x00000000dc180000)
 ParOldGen       total 45568K, used 10325K [0x0000000080800000, 0x0000000083480000, 0x00000000d5800000)
  object space 45568K, 22% used [0x0000000080800000,0x00000000812154a0,0x0000000083480000)
 Metaspace       used 30942K, capacity 31992K, committed 32384K, reserved 1089536K
  class space    used 4125K, capacity 4374K, committed 4480K, reserved 1048576K
Event: 7.688 GC heap after
Heap after GC invocations=37 (full 13):
 PSYoungGen      total 98304K, used 0K [0x00000000d5800000, 0x00000000dc180000, 0x0000000100000000)
  eden space 90624K, 0% used [0x00000000d5800000,0x00000000d5800000,0x00000000db080000)
  from space 7680K, 0% used [0x00000000dba00000,0x00000000dba00000,0x00000000dc180000)
  to   space 8704K, 0% used [0x00000000db080000,0x00000000db080000,0x00000000db900000)
 ParOldGen       total 45568K, used 10325K [0x0000000080800000, 0x0000000083480000, 0x00000000d5800000)
  object space 45568K, 22% used [0x0000000080800000,0x00000000812154a0,0x0000000083480000)
 Metaspace       used 30942K, capacity 31992K, committed 32384K, reserved 1089536K
  class space    used 4125K, capacity 4374K, committed 4480K, reserved 1048576K
}
Event: 7.688 GC heap before
{Heap before GC invocations=38 (full 14):
 PSYoungGen      total 98304K, used 0K [0x00000000d5800000, 0x00000000dc180000, 0x0000000100000000)
  eden space 90624K, 0% used [0x00000000d5800000,0x00000000d5800000,0x00000000db080000)
  from space 7680K, 0% used [0x00000000dba00000,0x00000000dba00000,0x00000000dc180000)
  to   space 8704K, 0% used [0x00000000db080000,0x00000000db080000,0x00000000db900000)
 ParOldGen       total 45568K, used 10325K [0x0000000080800000, 0x0000000083480000, 0x00000000d5800000)
  object space 45568K, 22% used [0x0000000080800000,0x00000000812154a0,0x0000000083480000)
 Metaspace       used 30942K, capacity 31992K, committed 32384K, reserved 1089536K
  class space    used 4125K, capacity 4374K, committed 4480K, reserved 1048576K
Event: 7.709 GC heap after
Heap after GC invocations=38 (full 14):
 PSYoungGen      total 98304K, used 0K [0x00000000d5800000, 0x00000000dc180000, 0x0000000100000000)
  eden space 90624K, 0% used [0x00000000d5800000,0x00000000d5800000,0x00000000db080000)
  from space 7680K, 0% used [0x00000000dba00000,0x00000000dba00000,0x00000000dc180000)
  to   space 8704K, 0% used [0x00000000db080000,0x00000000db080000,0x00000000db900000)
 ParOldGen       total 45568K, used 10325K [0x0000000080800000, 0x0000000083480000, 0x00000000d5800000)
  object space 45568K, 22% used [0x0000000080800000,0x00000000812154a0,0x0000000083480000)
 Metaspace       used 30942K, capacity 31992K, committed 32384K, reserved 1085440K
  class space    used 4125K, capacity 4374K, committed 4480K, reserved 1048576K
}
Event: 7.710 GC heap before
{Heap before GC invocations=39 (full 14):
 PSYoungGen      total 98304K, used 1625K [0x00000000d5800000, 0x00000000dc180000, 0x0000000100000000)
  eden space 90624K, 1% used [0x00000000d5800000,0x00000000d59966e8,0x00000000db080000)
  from space 7680K, 0% used [0x00000000dba00000,0x00000000dba00000,0x00000000dc180000)
  to   space 8704K, 0% used [0x00000000db080000,0x00000000db080000,0x00000000db900000)
 ParOldGen       total 45568K, used 10325K [0x0000000080800000, 0x0000000083480000, 0x00000000d5800000)
  object space 45568K, 22% used [0x0000000080800000,0x00000000812154a0,0x0000000083480000)
 Metaspace       used 30942K, capacity 31992K, committed 32384K, reserved 1091584K
  class space    used 4125K, capacity 4374K, committed 4480K, reserved 1048576K
Event: 7.711 GC heap after
Heap after GC invocations=39 (full 14):
 PSYoungGen      total 99328K, used 32K [0x00000000d5800000, 0x00000000dc100000, 0x0000000100000000)
  eden space 90624K, 0% used [0x00000000d5800000,0x00000000d5800000,0x00000000db080000)
  from space 8704K, 0% used [0x00000000db080000,0x00000000db088000,0x00000000db900000)
  to   space 7680K, 0% used [0x00000000db980000,0x00000000db980000,0x00000000dc100000)
 ParOldGen       total 45568K, used 10325K [0x0000000080800000, 0x0000000083480000, 0x00000000d5800000)
  object space 45568K, 22% used [0x0000000080800000,0x00000000812154a0,0x0000000083480000)
 Metaspace       used 30942K, capacity 31992K, committed 32384K, reserved 1091584K
  class space    used 4125K, capacity 4374K, committed 4480K, reserved 1048576K
}
Event: 7.711 GC heap before
{Heap before GC invocations=40 (full 15):
 PSYoungGen      total 99328K, used 32K [0x00000000d5800000, 0x00000000dc100000, 0x0000000100000000)
  eden space 90624K, 0% used [0x00000000d5800000,0x00000000d5800000,0x00000000db080000)
  from space 8704K, 0% used [0x00000000db080000,0x00000000db088000,0x00000000db900000)
  to   space 7680K, 0% used [0x00000000db980000,0x00000000db980000,0x00000000dc100000)
 ParOldGen       total 45568K, used 10325K [0x0000000080800000, 0x0000000083480000, 0x00000000d5800000)
  object space 45568K, 22% used [0x0000000080800000,0x00000000812154a0,0x0000000083480000)
 Metaspace       used 30942K, capacity 31992K, committed 32384K, reserved 1091584K
  class space    used 4125K, capacity 4374K, committed 4480K, reserved 1048576K
Event: 7.740 GC heap after
Heap after GC invocations=40 (full 15):
 PSYoungGen      total 99328K, used 0K [0x00000000d5800000, 0x00000000dc100000, 0x0000000100000000)
  eden space 90624K, 0% used [0x00000000d5800000,0x00000000d5800000,0x00000000db080000)
  from space 8704K, 0% used [0x00000000db080000,0x00000000db080000,0x00000000db900000)
  to   space 7680K, 0% used [0x00000000db980000,0x00000000db980000,0x00000000dc100000)
 ParOldGen       total 45568K, used 10322K [0x0000000080800000, 0x0000000083480000, 0x00000000d5800000)
  object space 45568K, 22% used [0x0000000080800000,0x0000000081214a20,0x0000000083480000)
 Metaspace       used 30942K, capacity 31992K, committed 32384K, reserved 1085440K
  class space    used 4125K, capacity 4374K, committed 4480K, reserved 1048576K
}

